Analysis & Synthesis report for aes_algorithm_one
Sun Jun 19 05:10:09 2016
Quartus II 64-Bit Version 14.0.0 Build 200 06/17/2014 SJ Web Edition


---------------------
; Table of Contents ;
---------------------
  1. Legal Notice
  2. Analysis & Synthesis Summary
  3. Analysis & Synthesis Settings
  4. Parallel Compilation
  5. Analysis & Synthesis Source Files Read
  6. Analysis & Synthesis Resource Usage Summary
  7. Analysis & Synthesis Resource Utilization by Entity
  8. Registers Removed During Synthesis
  9. General Register Statistics
 10. Inverted Register Statistics
 11. Multiplexer Restructuring Statistics (Restructuring Performed)
 12. Post-Synthesis Netlist Statistics for Top Partition
 13. Elapsed Time Per Partition
 14. Analysis & Synthesis Messages
 15. Analysis & Synthesis Suppressed Messages



----------------
; Legal Notice ;
----------------
Copyright (C) 1991-2014 Altera Corporation. All rights reserved.
Your use of Altera Corporation's design tools, logic functions 
and other software and tools, and its AMPP partner logic 
functions, and any output files from any of the foregoing 
(including device programming or simulation files), and any 
associated documentation or information are expressly subject 
to the terms and conditions of the Altera Program License 
Subscription Agreement, the Altera Quartus II License Agreement,
the Altera MegaCore Function License Agreement, or other 
applicable license agreement, including, without limitation, 
that your use is for the sole purpose of programming logic 
devices manufactured by Altera and sold by Altera or its 
authorized distributors.  Please refer to the applicable 
agreement for further details.



+---------------------------------------------------------------------------------+
; Analysis & Synthesis Summary                                                    ;
+------------------------------------+--------------------------------------------+
; Analysis & Synthesis Status        ; Successful - Sun Jun 19 05:10:09 2016      ;
; Quartus II 64-Bit Version          ; 14.0.0 Build 200 06/17/2014 SJ Web Edition ;
; Revision Name                      ; aes_algorithm_one                          ;
; Top-level Entity Name              ; aes_algorithm_one                          ;
; Family                             ; Cyclone IV GX                              ;
; Total logic elements               ; 7,253                                      ;
;     Total combinational functions  ; 6,976                                      ;
;     Dedicated logic registers      ; 867                                        ;
; Total registers                    ; 867                                        ;
; Total pins                         ; 257                                        ;
; Total virtual pins                 ; 0                                          ;
; Total memory bits                  ; 0                                          ;
; Embedded Multiplier 9-bit elements ; 0                                          ;
; Total GXB Receiver Channel PCS     ; 0                                          ;
; Total GXB Receiver Channel PMA     ; 0                                          ;
; Total GXB Transmitter Channel PCS  ; 0                                          ;
; Total GXB Transmitter Channel PMA  ; 0                                          ;
; Total PLLs                         ; 0                                          ;
+------------------------------------+--------------------------------------------+


+----------------------------------------------------------------------------------------------------------------------+
; Analysis & Synthesis Settings                                                                                        ;
+----------------------------------------------------------------------------+--------------------+--------------------+
; Option                                                                     ; Setting            ; Default Value      ;
+----------------------------------------------------------------------------+--------------------+--------------------+
; Top-level entity name                                                      ; aes_algorithm_one  ; aes_algorithm_one  ;
; Family name                                                                ; Cyclone IV GX      ; Cyclone IV GX      ;
; Use smart compilation                                                      ; Off                ; Off                ;
; Enable parallel Assembler and TimeQuest Timing Analyzer during compilation ; On                 ; On                 ;
; Enable compact report table                                                ; Off                ; Off                ;
; Restructure Multiplexers                                                   ; Auto               ; Auto               ;
; Create Debugging Nodes for IP Cores                                        ; Off                ; Off                ;
; Preserve fewer node names                                                  ; On                 ; On                 ;
; Disable OpenCore Plus hardware evaluation                                  ; Off                ; Off                ;
; Verilog Version                                                            ; Verilog_2001       ; Verilog_2001       ;
; VHDL Version                                                               ; VHDL_1993          ; VHDL_1993          ;
; State Machine Processing                                                   ; Auto               ; Auto               ;
; Safe State Machine                                                         ; Off                ; Off                ;
; Extract Verilog State Machines                                             ; On                 ; On                 ;
; Extract VHDL State Machines                                                ; On                 ; On                 ;
; Ignore Verilog initial constructs                                          ; Off                ; Off                ;
; Iteration limit for constant Verilog loops                                 ; 5000               ; 5000               ;
; Iteration limit for non-constant Verilog loops                             ; 250                ; 250                ;
; Add Pass-Through Logic to Inferred RAMs                                    ; On                 ; On                 ;
; Infer RAMs from Raw Logic                                                  ; On                 ; On                 ;
; Parallel Synthesis                                                         ; On                 ; On                 ;
; DSP Block Balancing                                                        ; Auto               ; Auto               ;
; NOT Gate Push-Back                                                         ; On                 ; On                 ;
; Power-Up Don't Care                                                        ; On                 ; On                 ;
; Remove Redundant Logic Cells                                               ; Off                ; Off                ;
; Remove Duplicate Registers                                                 ; On                 ; On                 ;
; Ignore CARRY Buffers                                                       ; Off                ; Off                ;
; Ignore CASCADE Buffers                                                     ; Off                ; Off                ;
; Ignore GLOBAL Buffers                                                      ; Off                ; Off                ;
; Ignore ROW GLOBAL Buffers                                                  ; Off                ; Off                ;
; Ignore LCELL Buffers                                                       ; Off                ; Off                ;
; Ignore SOFT Buffers                                                        ; On                 ; On                 ;
; Limit AHDL Integers to 32 Bits                                             ; Off                ; Off                ;
; Optimization Technique                                                     ; Balanced           ; Balanced           ;
; Carry Chain Length                                                         ; 70                 ; 70                 ;
; Auto Carry Chains                                                          ; On                 ; On                 ;
; Auto Open-Drain Pins                                                       ; On                 ; On                 ;
; Perform WYSIWYG Primitive Resynthesis                                      ; Off                ; Off                ;
; Auto ROM Replacement                                                       ; On                 ; On                 ;
; Auto RAM Replacement                                                       ; On                 ; On                 ;
; Auto DSP Block Replacement                                                 ; On                 ; On                 ;
; Auto Shift Register Replacement                                            ; Auto               ; Auto               ;
; Allow Shift Register Merging across Hierarchies                            ; Auto               ; Auto               ;
; Auto Clock Enable Replacement                                              ; On                 ; On                 ;
; Strict RAM Replacement                                                     ; Off                ; Off                ;
; Allow Synchronous Control Signals                                          ; On                 ; On                 ;
; Force Use of Synchronous Clear Signals                                     ; Off                ; Off                ;
; Auto RAM Block Balancing                                                   ; On                 ; On                 ;
; Auto RAM to Logic Cell Conversion                                          ; Off                ; Off                ;
; Auto Resource Sharing                                                      ; Off                ; Off                ;
; Allow Any RAM Size For Recognition                                         ; Off                ; Off                ;
; Allow Any ROM Size For Recognition                                         ; Off                ; Off                ;
; Allow Any Shift Register Size For Recognition                              ; Off                ; Off                ;
; Use LogicLock Constraints during Resource Balancing                        ; On                 ; On                 ;
; Ignore translate_off and synthesis_off directives                          ; Off                ; Off                ;
; Timing-Driven Synthesis                                                    ; On                 ; On                 ;
; Report Parameter Settings                                                  ; On                 ; On                 ;
; Report Source Assignments                                                  ; On                 ; On                 ;
; Report Connectivity Checks                                                 ; On                 ; On                 ;
; Ignore Maximum Fan-Out Assignments                                         ; Off                ; Off                ;
; Synchronization Register Chain Length                                      ; 2                  ; 2                  ;
; PowerPlay Power Optimization                                               ; Normal compilation ; Normal compilation ;
; HDL message level                                                          ; Level2             ; Level2             ;
; Suppress Register Optimization Related Messages                            ; Off                ; Off                ;
; Number of Removed Registers Reported in Synthesis Report                   ; 5000               ; 5000               ;
; Number of Swept Nodes Reported in Synthesis Report                         ; 5000               ; 5000               ;
; Number of Inverted Registers Reported in Synthesis Report                  ; 100                ; 100                ;
; Clock MUX Protection                                                       ; On                 ; On                 ;
; Auto Gated Clock Conversion                                                ; Off                ; Off                ;
; Block Design Naming                                                        ; Auto               ; Auto               ;
; SDC constraint protection                                                  ; Off                ; Off                ;
; Synthesis Effort                                                           ; Auto               ; Auto               ;
; Shift Register Replacement - Allow Asynchronous Clear Signal               ; On                 ; On                 ;
; Pre-Mapping Resynthesis Optimization                                       ; Off                ; Off                ;
; Analysis & Synthesis Message Level                                         ; Medium             ; Medium             ;
; Disable Register Merging Across Hierarchies                                ; Auto               ; Auto               ;
; Resource Aware Inference For Block RAM                                     ; On                 ; On                 ;
; Synthesis Seed                                                             ; 1                  ; 1                  ;
+----------------------------------------------------------------------------+--------------------+--------------------+


Parallel compilation was disabled, but you have multiple processors available. Enable parallel compilation to reduce compilation time.
+-------------------------------------+
; Parallel Compilation                ;
+----------------------------+--------+
; Processors                 ; Number ;
+----------------------------+--------+
; Number detected on machine ; 2      ;
; Maximum allowed            ; 1      ;
+----------------------------+--------+


+------------------------------------------------------------------------------------------------------------------------------------------------------------+
; Analysis & Synthesis Source Files Read                                                                                                                     ;
+----------------------------------+-----------------+------------------------+--------------------------------------------------------------------+---------+
; File Name with User-Entered Path ; Used in Netlist ; File Type              ; File Name with Absolute Path                                       ; Library ;
+----------------------------------+-----------------+------------------------+--------------------------------------------------------------------+---------+
; aes_algorithm_one.v              ; yes             ; User Verilog HDL File  ; //Mac/Home/Documents/quartus/aea_algorithm_one/aes_algorithm_one.v ;         ;
+----------------------------------+-----------------+------------------------+--------------------------------------------------------------------+---------+


+---------------------------------------------+
; Analysis & Synthesis Resource Usage Summary ;
+--------------------------+------------------+
; Resource                 ; Usage            ;
+--------------------------+------------------+
; I/O pins                 ; 257              ;
; DSP block 9-bit elements ; 0                ;
; Maximum fan-out node     ; process[4]       ;
; Maximum fan-out          ; 1698             ;
; Total fan-out            ; 29453            ;
; Average fan-out          ; 3.52             ;
+--------------------------+------------------+


+-----------------------------------------------------------------------------------------------------------------------------------------------------------------------------------------+
; Analysis & Synthesis Resource Utilization by Entity                                                                                                                                     ;
+----------------------------+-------------------+--------------+-------------+--------------+---------+-----------+-----------+------+--------------+---------------------+--------------+
; Compilation Hierarchy Node ; LC Combinationals ; LC Registers ; Memory Bits ; DSP Elements ; DSP 9x9 ; DSP 18x18 ; DSP 36x36 ; Pins ; Virtual Pins ; Full Hierarchy Name ; Library Name ;
+----------------------------+-------------------+--------------+-------------+--------------+---------+-----------+-----------+------+--------------+---------------------+--------------+
; |aes_algorithm_one         ; 6976 (6976)       ; 867 (867)    ; 0           ; 0            ; 0       ; 0         ; 0         ; 257  ; 0            ; |aes_algorithm_one  ; work         ;
+----------------------------+-------------------+--------------+-------------+--------------+---------+-----------+-----------+------+--------------+---------------------+--------------+
Note: For table entries with two numbers listed, the numbers in parentheses indicate the number of resources of the given type used by the specific entity alone. The numbers listed outside of parentheses indicate the total resources of the given type used by the specific entity and all of its sub-entities in the hierarchy.


+--------------------------------------------------------------------------------+
; Registers Removed During Synthesis                                             ;
+---------------------------------------+----------------------------------------+
; Register name                         ; Reason for Removal                     ;
+---------------------------------------+----------------------------------------+
; round_process[3]                      ; Stuck at GND due to stuck port data_in ;
; process1[3,4]                         ; Stuck at GND due to stuck port data_in ;
; Total Number of Removed Registers = 3 ;                                        ;
+---------------------------------------+----------------------------------------+


+------------------------------------------------------+
; General Register Statistics                          ;
+----------------------------------------------+-------+
; Statistic                                    ; Value ;
+----------------------------------------------+-------+
; Total registers                              ; 867   ;
; Number of registers using Synchronous Clear  ; 8     ;
; Number of registers using Synchronous Load   ; 132   ;
; Number of registers using Asynchronous Clear ; 0     ;
; Number of registers using Asynchronous Load  ; 0     ;
; Number of registers using Clock Enable       ; 822   ;
; Number of registers using Preset             ; 0     ;
+----------------------------------------------+-------+


+-----------------------------------------------------+
; Inverted Register Statistics                        ;
+-------------------------------------------+---------+
; Inverted Register                         ; Fan out ;
+-------------------------------------------+---------+
; key_round[0]                              ; 14      ;
; in_state[24]                              ; 4       ;
; in_state[47]                              ; 4       ;
; in_state[63]                              ; 4       ;
; in_state[15]                              ; 4       ;
; in_state[23]                              ; 4       ;
; in_state[111]                             ; 5       ;
; in_state[87]                              ; 4       ;
; in_state[22]                              ; 4       ;
; in_state[110]                             ; 5       ;
; in_state[70]                              ; 4       ;
; in_state[86]                              ; 4       ;
; in_state[51]                              ; 4       ;
; in_state[35]                              ; 4       ;
; in_state[19]                              ; 4       ;
; in_state[27]                              ; 4       ;
; in_state[107]                             ; 5       ;
; in_state[99]                              ; 5       ;
; in_state[123]                             ; 5       ;
; in_state[83]                              ; 4       ;
; in_state[67]                              ; 4       ;
; in_state[108]                             ; 5       ;
; in_state[100]                             ; 5       ;
; in_state[124]                             ; 5       ;
; in_state[84]                              ; 4       ;
; in_state[76]                              ; 4       ;
; in_state[20]                              ; 4       ;
; in_state[12]                              ; 4       ;
; in_state[4]                               ; 4       ;
; in_state[28]                              ; 4       ;
; in_state[21]                              ; 4       ;
; in_state[5]                               ; 4       ;
; in_state[125]                             ; 5       ;
; in_state[69]                              ; 4       ;
; in_state[93]                              ; 4       ;
; in_state[33]                              ; 4       ;
; in_state[17]                              ; 4       ;
; in_state[9]                               ; 4       ;
; in_state[1]                               ; 4       ;
; in_state[113]                             ; 5       ;
; in_state[65]                              ; 4       ;
; in_state[10]                              ; 4       ;
; in_state[26]                              ; 4       ;
; in_state[82]                              ; 4       ;
; in_state[90]                              ; 4       ;
; in_state[42]                              ; 4       ;
; in_state[58]                              ; 4       ;
; in_state[106]                             ; 5       ;
; in_state[40]                              ; 4       ;
; in_state[48]                              ; 4       ;
; in_state[32]                              ; 4       ;
; in_state[16]                              ; 4       ;
; in_state[8]                               ; 4       ;
; in_state[96]                              ; 5       ;
; in_state[120]                             ; 5       ;
; in_state[72]                              ; 4       ;
; in_state[88]                              ; 4       ;
; cipher_key[2]                             ; 2       ;
; cipher_key[3]                             ; 2       ;
; cipher_key[4]                             ; 2       ;
; cipher_key[5]                             ; 2       ;
; cipher_key[11]                            ; 1       ;
; cipher_key[15]                            ; 1       ;
; cipher_key[17]                            ; 1       ;
; cipher_key[18]                            ; 1       ;
; cipher_key[21]                            ; 1       ;
; cipher_key[23]                            ; 1       ;
; cipher_key[25]                            ; 1       ;
; cipher_key[26]                            ; 1       ;
; cipher_key[28]                            ; 1       ;
; cipher_key[32]                            ; 2       ;
; cipher_key[33]                            ; 2       ;
; cipher_key[34]                            ; 2       ;
; cipher_key[35]                            ; 2       ;
; cipher_key[38]                            ; 2       ;
; cipher_key[40]                            ; 1       ;
; cipher_key[42]                            ; 1       ;
; cipher_key[44]                            ; 1       ;
; cipher_key[49]                            ; 1       ;
; cipher_key[52]                            ; 1       ;
; cipher_key[54]                            ; 1       ;
; cipher_key[55]                            ; 1       ;
; cipher_key[56]                            ; 1       ;
; cipher_key[58]                            ; 1       ;
; cipher_key[60]                            ; 1       ;
; cipher_key[64]                            ; 2       ;
; cipher_key[65]                            ; 2       ;
; cipher_key[66]                            ; 2       ;
; cipher_key[67]                            ; 2       ;
; cipher_key[70]                            ; 2       ;
; cipher_key[71]                            ; 2       ;
; cipher_key[72]                            ; 1       ;
; cipher_key[73]                            ; 1       ;
; cipher_key[74]                            ; 1       ;
; cipher_key[76]                            ; 1       ;
; cipher_key[77]                            ; 1       ;
; cipher_key[78]                            ; 1       ;
; cipher_key[79]                            ; 1       ;
; cipher_key[81]                            ; 1       ;
; cipher_key[82]                            ; 1       ;
; Total number of inverted registers = 122* ;         ;
+-------------------------------------------+---------+
* Table truncated at 100 items. To change the number of inverted registers reported, set the "Number of Inverted Registers Reported" option under Assignments->Settings->Analysis and Synthesis Settings->More Settings


+---------------------------------------------------------------------------------------------------------------------------------------------------+
; Multiplexer Restructuring Statistics (Restructuring Performed)                                                                                    ;
+--------------------+-----------+---------------+----------------------+------------------------+------------+-------------------------------------+
; Multiplexer Inputs ; Bus Width ; Baseline Area ; Area if Restructured ; Saving if Restructured ; Registered ; Example Multiplexer Output          ;
+--------------------+-----------+---------------+----------------------+------------------------+------------+-------------------------------------+
; 4:1                ; 5 bits    ; 10 LEs        ; 5 LEs                ; 5 LEs                  ; Yes        ; |aes_algorithm_one|nine_process[4]  ;
; 8:1                ; 4 bits    ; 20 LEs        ; 0 LEs                ; 20 LEs                 ; Yes        ; |aes_algorithm_one|round[3]         ;
; 10:1               ; 3 bits    ; 18 LEs        ; 3 LEs                ; 15 LEs                 ; Yes        ; |aes_algorithm_one|key_round[2]     ;
; 15:1               ; 20 bits   ; 200 LEs       ; 40 LEs               ; 160 LEs                ; Yes        ; |aes_algorithm_one|A0[6]            ;
; 10:1               ; 5 bits    ; 30 LEs        ; 5 LEs                ; 25 LEs                 ; Yes        ; |aes_algorithm_one|process[3]       ;
; 11:1               ; 2 bits    ; 14 LEs        ; 2 LEs                ; 12 LEs                 ; Yes        ; |aes_algorithm_one|process2[1]      ;
; 10:1               ; 19 bits   ; 114 LEs       ; 19 LEs               ; 95 LEs                 ; Yes        ; |aes_algorithm_one|in_state[101]    ;
; 12:1               ; 63 bits   ; 504 LEs       ; 63 LEs               ; 441 LEs                ; Yes        ; |aes_algorithm_one|cipher_key[53]   ;
; 11:1               ; 53 bits   ; 371 LEs       ; 0 LEs                ; 371 LEs                ; Yes        ; |aes_algorithm_one|in_state[14]     ;
; 13:1               ; 2 bits    ; 16 LEs        ; 8 LEs                ; 8 LEs                  ; Yes        ; |aes_algorithm_one|A3[4]            ;
; 13:1               ; 2 bits    ; 16 LEs        ; 8 LEs                ; 8 LEs                  ; Yes        ; |aes_algorithm_one|A1[1]            ;
; 13:1               ; 2 bits    ; 16 LEs        ; 8 LEs                ; 8 LEs                  ; Yes        ; |aes_algorithm_one|A2[1]            ;
; 13:1               ; 2 bits    ; 16 LEs        ; 8 LEs                ; 8 LEs                  ; Yes        ; |aes_algorithm_one|A0[1]            ;
; 13:1               ; 2 bits    ; 16 LEs        ; 2 LEs                ; 14 LEs                 ; Yes        ; |aes_algorithm_one|process1[3]      ;
; 12:1               ; 4 bits    ; 32 LEs        ; 16 LEs               ; 16 LEs                 ; Yes        ; |aes_algorithm_one|round_process[2] ;
; 16:1               ; 2 bits    ; 20 LEs        ; 10 LEs               ; 10 LEs                 ; Yes        ; |aes_algorithm_one|process1[1]      ;
; 10:1               ; 13 bits   ; 78 LEs        ; 13 LEs               ; 65 LEs                 ; Yes        ; |aes_algorithm_one|in_state[111]    ;
; 12:1               ; 65 bits   ; 520 LEs       ; 65 LEs               ; 455 LEs                ; Yes        ; |aes_algorithm_one|cipher_key[99]   ;
; 11:1               ; 43 bits   ; 301 LEs       ; 0 LEs                ; 301 LEs                ; Yes        ; |aes_algorithm_one|in_state[67]     ;
; 4:1                ; 8 bits    ; 16 LEs        ; 16 LEs               ; 0 LEs                  ; No         ; |aes_algorithm_one|Mux3             ;
; 4:1                ; 32 bits   ; 64 LEs        ; 64 LEs               ; 0 LEs                  ; No         ; |aes_algorithm_one|Mux41            ;
; 16:1               ; 8 bits    ; 80 LEs        ; 56 LEs               ; 24 LEs                 ; No         ; |aes_algorithm_one|r_con            ;
+--------------------+-----------+---------------+----------------------+------------------------+------------+-------------------------------------+


+-----------------------------------------------------+
; Post-Synthesis Netlist Statistics for Top Partition ;
+-----------------------+-----------------------------+
; Type                  ; Count                       ;
+-----------------------+-----------------------------+
; boundary_port         ; 257                         ;
; cycloneiii_ff         ; 867                         ;
;     ENA               ; 682                         ;
;     ENA SCLR          ; 8                           ;
;     ENA SLD           ; 132                         ;
;     plain             ; 45                          ;
; cycloneiii_lcell_comb ; 6976                        ;
;     arith             ; 4                           ;
;         2 data inputs ; 4                           ;
;     normal            ; 6972                        ;
;         1 data inputs ; 103                         ;
;         2 data inputs ; 212                         ;
;         3 data inputs ; 923                         ;
;         4 data inputs ; 5734                        ;
;                       ;                             ;
; Max LUT depth         ; 14.00                       ;
; Average LUT depth     ; 9.62                        ;
+-----------------------+-----------------------------+


+-------------------------------+
; Elapsed Time Per Partition    ;
+----------------+--------------+
; Partition Name ; Elapsed Time ;
+----------------+--------------+
; Top            ; 00:02:44     ;
+----------------+--------------+


+-------------------------------+
; Analysis & Synthesis Messages ;
+-------------------------------+
Info: *******************************************************************
Info: Running Quartus II 64-Bit Analysis & Synthesis
    Info: Version 14.0.0 Build 200 06/17/2014 SJ Web Edition
    Info: Processing started: Sun Jun 19 04:54:12 2016
Info: Command: quartus_map --read_settings_files=on --write_settings_files=off aes_algorithm_one -c aes_algorithm_one
Warning (20028): Parallel compilation is not licensed and has been disabled
Info (12021): Found 1 design units, including 1 entities, in source file aes_algorithm_one.v
    Info (12023): Found entity 1: aes_algorithm_one
Info (12021): Found 1 design units, including 1 entities, in source file test.v
    Info (12023): Found entity 1: test
Info (12127): Elaborating entity "aes_algorithm_one" for the top level hierarchy
Info (286030): Timing-Driven Synthesis is running
Info (16010): Generating hard_block partition "hard_block:auto_generated_inst"
    Info (16011): Adding 0 node(s), including 0 DDIO, 0 PLL, 0 transceiver and 0 LCELL
Warning (21074): Design contains 128 input pin(s) that do not drive logic
    Warning (15610): No output dependent on input pin "initial_state[0]"
    Warning (15610): No output dependent on input pin "initial_state[1]"
    Warning (15610): No output dependent on input pin "initial_state[2]"
    Warning (15610): No output dependent on input pin "initial_state[3]"
    Warning (15610): No output dependent on input pin "initial_state[4]"
    Warning (15610): No output dependent on input pin "initial_state[5]"
    Warning (15610): No output dependent on input pin "initial_state[6]"
    Warning (15610): No output dependent on input pin "initial_state[7]"
    Warning (15610): No output dependent on input pin "initial_state[8]"
    Warning (15610): No output dependent on input pin "initial_state[9]"
    Warning (15610): No output dependent on input pin "initial_state[10]"
    Warning (15610): No output dependent on input pin "initial_state[11]"
    Warning (15610): No output dependent on input pin "initial_state[12]"
    Warning (15610): No output dependent on input pin "initial_state[13]"
    Warning (15610): No output dependent on input pin "initial_state[14]"
    Warning (15610): No output dependent on input pin "initial_state[15]"
    Warning (15610): No output dependent on input pin "initial_state[16]"
    Warning (15610): No output dependent on input pin "initial_state[17]"
    Warning (15610): No output dependent on input pin "initial_state[18]"
    Warning (15610): No output dependent on input pin "initial_state[19]"
    Warning (15610): No output dependent on input pin "initial_state[20]"
    Warning (15610): No output dependent on input pin "initial_state[21]"
    Warning (15610): No output dependent on input pin "initial_state[22]"
    Warning (15610): No output dependent on input pin "initial_state[23]"
    Warning (15610): No output dependent on input pin "initial_state[24]"
    Warning (15610): No output dependent on input pin "initial_state[25]"
    Warning (15610): No output dependent on input pin "initial_state[26]"
    Warning (15610): No output dependent on input pin "initial_state[27]"
    Warning (15610): No output dependent on input pin "initial_state[28]"
    Warning (15610): No output dependent on input pin "initial_state[29]"
    Warning (15610): No output dependent on input pin "initial_state[30]"
    Warning (15610): No output dependent on input pin "initial_state[31]"
    Warning (15610): No output dependent on input pin "initial_state[32]"
    Warning (15610): No output dependent on input pin "initial_state[33]"
    Warning (15610): No output dependent on input pin "initial_state[34]"
    Warning (15610): No output dependent on input pin "initial_state[35]"
    Warning (15610): No output dependent on input pin "initial_state[36]"
    Warning (15610): No output dependent on input pin "initial_state[37]"
    Warning (15610): No output dependent on input pin "initial_state[38]"
    Warning (15610): No output dependent on input pin "initial_state[39]"
    Warning (15610): No output dependent on input pin "initial_state[40]"
    Warning (15610): No output dependent on input pin "initial_state[41]"
    Warning (15610): No output dependent on input pin "initial_state[42]"
    Warning (15610): No output dependent on input pin "initial_state[43]"
    Warning (15610): No output dependent on input pin "initial_state[44]"
    Warning (15610): No output dependent on input pin "initial_state[45]"
    Warning (15610): No output dependent on input pin "initial_state[46]"
    Warning (15610): No output dependent on input pin "initial_state[47]"
    Warning (15610): No output dependent on input pin "initial_state[48]"
    Warning (15610): No output dependent on input pin "initial_state[49]"
    Warning (15610): No output dependent on input pin "initial_state[50]"
    Warning (15610): No output dependent on input pin "initial_state[51]"
    Warning (15610): No output dependent on input pin "initial_state[52]"
    Warning (15610): No output dependent on input pin "initial_state[53]"
    Warning (15610): No output dependent on input pin "initial_state[54]"
    Warning (15610): No output dependent on input pin "initial_state[55]"
    Warning (15610): No output dependent on input pin "initial_state[56]"
    Warning (15610): No output dependent on input pin "initial_state[57]"
    Warning (15610): No output dependent on input pin "initial_state[58]"
    Warning (15610): No output dependent on input pin "initial_state[59]"
    Warning (15610): No output dependent on input pin "initial_state[60]"
    Warning (15610): No output dependent on input pin "initial_state[61]"
    Warning (15610): No output dependent on input pin "initial_state[62]"
    Warning (15610): No output dependent on input pin "initial_state[63]"
    Warning (15610): No output dependent on input pin "initial_state[64]"
    Warning (15610): No output dependent on input pin "initial_state[65]"
    Warning (15610): No output dependent on input pin "initial_state[66]"
    Warning (15610): No output dependent on input pin "initial_state[67]"
    Warning (15610): No output dependent on input pin "initial_state[68]"
    Warning (15610): No output dependent on input pin "initial_state[69]"
    Warning (15610): No output dependent on input pin "initial_state[70]"
    Warning (15610): No output dependent on input pin "initial_state[71]"
    Warning (15610): No output dependent on input pin "initial_state[72]"
    Warning (15610): No output dependent on input pin "initial_state[73]"
    Warning (15610): No output dependent on input pin "initial_state[74]"
    Warning (15610): No output dependent on input pin "initial_state[75]"
    Warning (15610): No output dependent on input pin "initial_state[76]"
    Warning (15610): No output dependent on input pin "initial_state[77]"
    Warning (15610): No output dependent on input pin "initial_state[78]"
    Warning (15610): No output dependent on input pin "initial_state[79]"
    Warning (15610): No output dependent on input pin "initial_state[80]"
    Warning (15610): No output dependent on input pin "initial_state[81]"
    Warning (15610): No output dependent on input pin "initial_state[82]"
    Warning (15610): No output dependent on input pin "initial_state[83]"
    Warning (15610): No output dependent on input pin "initial_state[84]"
    Warning (15610): No output dependent on input pin "initial_state[85]"
    Warning (15610): No output dependent on input pin "initial_state[86]"
    Warning (15610): No output dependent on input pin "initial_state[87]"
    Warning (15610): No output dependent on input pin "initial_state[88]"
    Warning (15610): No output dependent on input pin "initial_state[89]"
    Warning (15610): No output dependent on input pin "initial_state[90]"
    Warning (15610): No output dependent on input pin "initial_state[91]"
    Warning (15610): No output dependent on input pin "initial_state[92]"
    Warning (15610): No output dependent on input pin "initial_state[93]"
    Warning (15610): No output dependent on input pin "initial_state[94]"
    Warning (15610): No output dependent on input pin "initial_state[95]"
    Warning (15610): No output dependent on input pin "initial_state[96]"
    Warning (15610): No output dependent on input pin "initial_state[97]"
    Warning (15610): No output dependent on input pin "initial_state[98]"
    Warning (15610): No output dependent on input pin "initial_state[99]"
    Warning (15610): No output dependent on input pin "initial_state[100]"
    Warning (15610): No output dependent on input pin "initial_state[101]"
    Warning (15610): No output dependent on input pin "initial_state[102]"
    Warning (15610): No output dependent on input pin "initial_state[103]"
    Warning (15610): No output dependent on input pin "initial_state[104]"
    Warning (15610): No output dependent on input pin "initial_state[105]"
    Warning (15610): No output dependent on input pin "initial_state[106]"
    Warning (15610): No output dependent on input pin "initial_state[107]"
    Warning (15610): No output dependent on input pin "initial_state[108]"
    Warning (15610): No output dependent on input pin "initial_state[109]"
    Warning (15610): No output dependent on input pin "initial_state[110]"
    Warning (15610): No output dependent on input pin "initial_state[111]"
    Warning (15610): No output dependent on input pin "initial_state[112]"
    Warning (15610): No output dependent on input pin "initial_state[113]"
    Warning (15610): No output dependent on input pin "initial_state[114]"
    Warning (15610): No output dependent on input pin "initial_state[115]"
    Warning (15610): No output dependent on input pin "initial_state[116]"
    Warning (15610): No output dependent on input pin "initial_state[117]"
    Warning (15610): No output dependent on input pin "initial_state[118]"
    Warning (15610): No output dependent on input pin "initial_state[119]"
    Warning (15610): No output dependent on input pin "initial_state[120]"
    Warning (15610): No output dependent on input pin "initial_state[121]"
    Warning (15610): No output dependent on input pin "initial_state[122]"
    Warning (15610): No output dependent on input pin "initial_state[123]"
    Warning (15610): No output dependent on input pin "initial_state[124]"
    Warning (15610): No output dependent on input pin "initial_state[125]"
    Warning (15610): No output dependent on input pin "initial_state[126]"
    Warning (15610): No output dependent on input pin "initial_state[127]"
Info (21057): Implemented 7550 device resources after synthesis - the final resource count might be different
    Info (21058): Implemented 129 input pins
    Info (21059): Implemented 128 output pins
    Info (21061): Implemented 7293 logic cells
Info (144001): Generated suppressed messages file /Documents/quartus/aea_algorithm_one/output_files/aes_algorithm_one.map.smsg
Info: Quartus II 64-Bit Analysis & Synthesis was successful. 0 errors, 130 warnings
    Info: Peak virtual memory: 1545 megabytes
    Info: Processing ended: Sun Jun 19 05:10:09 2016
    Info: Elapsed time: 00:15:57
    Info: Total CPU time (on all processors): 00:09:19


+------------------------------------------+
; Analysis & Synthesis Suppressed Messages ;
+------------------------------------------+
The suppressed messages can be found in /Documents/quartus/aea_algorithm_one/output_files/aes_algorithm_one.map.smsg.


